<?xml version="1.0" encoding="UTF-8"?>
<!-- Generated by org.testng.reporters.JUnitXMLReporter -->
<testsuite ignored="0" hostname="MacBookAir" failures="1" tests="3" name="Surefire test" time="2.459" errors="0" timestamp="2025-10-24T18:15:51 CET">
  <testcase classname="com.jinene.api.IpstakApiTest" name="testIpGeolocation" time="1.343"/>
  <testcase classname="com.jinene.api.IpstakApiTest" name="testIpGeolocation_InvalidAccessKey" time="0.303"/>
  <testcase classname="com.jinene.api.IpstakApiTest" name="testIpGeolocation_InvalidIpAddress" time="0.645">
    <failure type="java.lang.AssertionError" message="Le code HTTP doit être 200 même pour une IP invalide expected [200] but found [400]">
      <![CDATA[java.lang.AssertionError: Le code HTTP doit être 200 même pour une IP invalide expected [200] but found [400]
at com.jinene.api.IpstakApiTest.testIpGeolocation_InvalidIpAddress(IpstakApiTest.java:68)
at java.base/java.util.ArrayList.forEach(ArrayList.java:1511)
... Removed 38 stack frames]]>
    </failure>
  </testcase> <!-- testIpGeolocation_InvalidIpAddress -->
</testsuite> <!-- Surefire test -->
