<?xml version="1.0" encoding="UTF-8"?>
<!-- Generated by org.testng.reporters.JUnitXMLReporter -->
<testsuite ignored="0" hostname="MacBookAir" failures="2" tests="5" name="Surefire test" time="3.747" errors="0" timestamp="2025-10-28T21:20:42 CET">
  <testcase classname="com.jinene.api.WeatherstackApiTest" name="testCurrentWeather" time="1.293"/>
  <testcase classname="com.jinene.api.MarketStackApiTest" name="testMarketStackIntraday" time="0.983"/>
  <testcase classname="com.jinene.api.IpstakApiTest" name="testIpGeolocation" time="0.377">
    <failure type="java.lang.AssertionError" message="expected [134.201.250.155] but found [null]">
      <![CDATA[java.lang.AssertionError: expected [134.201.250.155] but found [null]
at com.jinene.api.IpstakApiTest.testIpGeolocation(IpstakApiTest.java:32)
at java.base/java.util.ArrayList.forEach(ArrayList.java:1511)
... Removed 38 stack frames]]>
    </failure>
  </testcase> <!-- testIpGeolocation -->
  <testcase classname="com.jinene.api.IpstakApiTest" name="testIpGeolocation_InvalidAccessKey" time="0.265"/>
  <testcase classname="com.jinene.api.IpstakApiTest" name="testIpGeolocation_InvalidIpAddress" time="0.661">
    <failure type="java.lang.AssertionError" message="Le code HTTP doit être 200 même pour une IP invalide expected [200] but found [400]">
      <![CDATA[java.lang.AssertionError: Le code HTTP doit être 200 même pour une IP invalide expected [200] but found [400]
at com.jinene.api.IpstakApiTest.testIpGeolocation_InvalidIpAddress(IpstakApiTest.java:69)
at java.base/java.util.ArrayList.forEach(ArrayList.java:1511)
... Removed 38 stack frames]]>
    </failure>
  </testcase> <!-- testIpGeolocation_InvalidIpAddress -->
</testsuite> <!-- Surefire test -->
