<?xml version="1.0" encoding="UTF-8"?>
<testsuite xmlns:xsi="http://www.w3.org/2001/XMLSchema-instance" xsi:noNamespaceSchemaLocation="https://maven.apache.org/surefire/maven-surefire-plugin/xsd/surefire-test-report-3.0.xsd" version="3.0" name="com.jinene.api.IpstakApiTest" time="1.556" tests="1" errors="0" skipped="0" failures="0">
  <properties>
[...]
</properties>
  <testcase name="testIpGeolocation" classname="com.jinene.api.IpstakApiTest" time="1.142">
    <system-out><![CDATA[{
    "ip": "134.201.250.155",
    "type": "ipv4",
    "continent_code": "NA",
    "continent_name": "North America",
    "country_code": "US",
    "country_name": "United States",
    "region_code": "CA",
    "region_name": "California",
    "city": "Huntington Beach",
    "zip": "92647",
    "latitude": 33.70962142944336,
    "longitude": -117.99259185791016,
    "msa": "31100",
    "dma": "803",
    "radius": "0",
    "ip_routing_type": "fixed",
    "connection_type": "tx",
    "location": {
        "geoname_id": 5358705,
        "capital": "Washington D.C.",
        "languages": [
            {
                "code": "en",
                "name": "English",
                "native": "English"
            }
        ],
        "country_flag": "https://assets.ipstack.com/flags/us.svg",
        "country_flag_emoji": "🇺🇸",
        "country_flag_emoji_unicode": "U+1F1FA U+1F1F8",
        "calling_code": "1",
        "is_eu": false
    }
}
]]></system-out>
    <system-err><![CDATA[SLF4J: Failed to load class "org.slf4j.impl.StaticLoggerBinder".
SLF4J: Defaulting to no-operation (NOP) logger implementation
SLF4J: See http://www.slf4j.org/codes.html#StaticLoggerBinder for further details.
]]></system-err>
  </testcase>
</testsuite>