<?xml version="1.0" encoding="UTF-8"?>
<testng-results ignored="0" total="1" passed="1" failed="0" skipped="0">
  <reporter-output>
  </reporter-output>
  <suite started-at="2025-10-24T16:44:59 CET" name="Surefire suite" finished-at="2025-10-24T16:45:00 CET" duration-ms="1307">
    <groups>
    </groups>
    <test started-at="2025-10-24T16:44:59 CET" name="Surefire test" finished-at="2025-10-24T16:45:00 CET" duration-ms="1307">
      <class name="com.jinene.api.IpstakApiTest">
        <test-method is-config="true" signature="setup()[pri:0, instance:com.jinene.api.IpstakApiTest@7fe8ea47]" started-at="2025-10-24T16:44:59 CET" name="setup" finished-at="2025-10-24T16:44:59 CET" duration-ms="154" status="PASS">
          <reporter-output>
          </reporter-output>
        </test-method> <!-- setup -->
        <test-method signature="testIpGeolocation()[pri:0, instance:com.jinene.api.IpstakApiTest@7fe8ea47]" started-at="2025-10-24T16:44:59 CET" name="testIpGeolocation" finished-at="2025-10-24T16:45:00 CET" duration-ms="1142" status="PASS">
          <reporter-output>
          </reporter-output>
        </test-method> <!-- testIpGeolocation -->
      </class> <!-- com.jinene.api.IpstakApiTest -->
    </test> <!-- Surefire test -->
  </suite> <!-- Surefire suite -->
</testng-results>
