<?xml version="1.0" encoding="UTF-8"?>
<testsuite xmlns:xsi="http://www.w3.org/2001/XMLSchema-instance" xsi:noNamespaceSchemaLocation="https://maven.apache.org/surefire/maven-surefire-plugin/xsd/surefire-test-report-3.0.xsd" version="3.0" name="com.jinene.api.IpstakApiTest" time="2.64" tests="3" errors="0" skipped="0" failures="1">
  <properties>
[...]
</properties>
  <testcase name="testIpGeolocation" classname="com.jinene.api.IpstakApiTest" time="1.343">
    <system-out><![CDATA[{
    "ip": "134.201.250.155",
    "type": "ipv4",
    "continent_code": "NA",
    "continent_name": "North America",
    "country_code": "US",
    "country_name": "United States",
    "region_code": "CA",
    "region_name": "California",
    "city": "Huntington Beach",
    "zip": "92647",
    "latitude": 33.70962142944336,
    "longitude": -117.99259185791016,
    "msa": "31100",
    "dma": "803",
    "radius": "0",
    "ip_routing_type": "fixed",
    "connection_type": "tx",
    "location": {
        "geoname_id": 5358705,
        "capital": "Washington D.C.",
        "languages": [
            {
                "code": "en",
                "name": "English",
                "native": "English"
            }
        ],
        "country_flag": "https://assets.ipstack.com/flags/us.svg",
        "country_flag_emoji": "🇺🇸",
        "country_flag_emoji_unicode": "U+1F1FA U+1F1F8",
        "calling_code": "1",
        "is_eu": false
    }
}
]]></system-out>
    <system-err><![CDATA[SLF4J: Failed to load class "org.slf4j.impl.StaticLoggerBinder".
SLF4J: Defaulting to no-operation (NOP) logger implementation
SLF4J: See http://www.slf4j.org/codes.html#StaticLoggerBinder for further details.
]]></system-err>
  </testcase>
  <testcase name="testIpGeolocation_InvalidAccessKey" classname="com.jinene.api.IpstakApiTest" time="0.303">
    <system-out><![CDATA[=== Réponse clé API invalide ===
{
    "success": false,
    "error": {
        "code": 101,
        "type": "invalid_access_key",
        "info": "You have not supplied a valid API Access Key. [Technical Support: support@apilayer.com]"
    }
}
]]></system-out>
  </testcase>
  <testcase name="testIpGeolocation_InvalidIpAddress" classname="com.jinene.api.IpstakApiTest" time="0.65">
    <failure message="Le code HTTP doit être 200 même pour une IP invalide expected [200] but found [400]" type="java.lang.AssertionError"><![CDATA[java.lang.AssertionError: Le code HTTP doit être 200 même pour une IP invalide expected [200] but found [400]
	at org.testng.Assert.fail(Assert.java:111)
	at org.testng.Assert.failNotEquals(Assert.java:1578)
	at org.testng.Assert.assertEqualsImpl(Assert.java:150)
	at org.testng.Assert.assertEquals(Assert.java:132)
	at org.testng.Assert.assertEquals(Assert.java:1419)
	at org.testng.Assert.assertEquals(Assert.java:1383)
	at com.jinene.api.IpstakApiTest.testIpGeolocation_InvalidIpAddress(IpstakApiTest.java:68)
	at java.base/jdk.internal.reflect.NativeMethodAccessorImpl.invoke0(Native Method)
	at java.base/jdk.internal.reflect.NativeMethodAccessorImpl.invoke(NativeMethodAccessorImpl.java:77)
	at java.base/jdk.internal.reflect.DelegatingMethodAccessorImpl.invoke(DelegatingMethodAccessorImpl.java:43)
	at java.base/java.lang.reflect.Method.invoke(Method.java:569)
	at org.testng.internal.invokers.MethodInvocationHelper.invokeMethod(MethodInvocationHelper.java:141)
	at org.testng.internal.invokers.TestInvoker.invokeMethod(TestInvoker.java:686)
	at org.testng.internal.invokers.TestInvoker.invokeTestMethod(TestInvoker.java:230)
	at org.testng.internal.invokers.MethodRunner.runInSequence(MethodRunner.java:63)
	at org.testng.internal.invokers.TestInvoker$MethodInvocationAgent.invoke(TestInvoker.java:992)
	at org.testng.internal.invokers.TestInvoker.invokeTestMethods(TestInvoker.java:203)
	at org.testng.internal.invokers.TestMethodWorker.invokeTestMethods(TestMethodWorker.java:154)
	at org.testng.internal.invokers.TestMethodWorker.run(TestMethodWorker.java:134)
	at java.base/java.util.ArrayList.forEach(ArrayList.java:1511)
	at org.testng.TestRunner.privateRun(TestRunner.java:739)
	at org.testng.TestRunner.run(TestRunner.java:614)
	at org.testng.SuiteRunner.runTest(SuiteRunner.java:421)
	at org.testng.SuiteRunner.runSequentially(SuiteRunner.java:413)
	at org.testng.SuiteRunner.privateRun(SuiteRunner.java:373)
	at org.testng.SuiteRunner.run(SuiteRunner.java:312)
	at org.testng.SuiteRunnerWorker.runSuite(SuiteRunnerWorker.java:52)
	at org.testng.SuiteRunnerWorker.run(SuiteRunnerWorker.java:95)
	at org.testng.TestNG.runSuitesSequentially(TestNG.java:1274)
	at org.testng.TestNG.runSuitesLocally(TestNG.java:1208)
	at org.testng.TestNG.runSuites(TestNG.java:1112)
	at org.testng.TestNG.run(TestNG.java:1079)
	at org.apache.maven.surefire.testng.TestNGExecutor.run(TestNGExecutor.java:155)
	at org.apache.maven.surefire.testng.TestNGDirectoryTestSuite.executeSingleClass(TestNGDirectoryTestSuite.java:102)
	at org.apache.maven.surefire.testng.TestNGDirectoryTestSuite.execute(TestNGDirectoryTestSuite.java:91)
	at org.apache.maven.surefire.testng.TestNGProvider.invoke(TestNGProvider.java:137)
	at org.apache.maven.surefire.booter.ForkedBooter.runSuitesInProcess(ForkedBooter.java:385)
	at org.apache.maven.surefire.booter.ForkedBooter.execute(ForkedBooter.java:162)
	at org.apache.maven.surefire.booter.ForkedBooter.run(ForkedBooter.java:507)
	at org.apache.maven.surefire.booter.ForkedBooter.main(ForkedBooter.java:495)
]]></failure>
    <system-out><![CDATA[=== Réponse IP invalide ===
{
    "success": false,
    "error": {
        "code": 106,
        "type": "invalid_ip_address",
        "info": "The IP Address supplied is invalid."
    }
}
]]></system-out>
  </testcase>
</testsuite>