<?xml version="1.0" encoding="UTF-8"?>
<testng-results ignored="0" total="1" passed="1" failed="0" skipped="0">
  <reporter-output>
  </reporter-output>
  <suite started-at="2025-10-24T23:10:24 CET" name="Default suite" finished-at="2025-10-24T23:10:26 CET" duration-ms="1689">
    <groups>
    </groups>
    <test started-at="2025-10-24T23:10:24 CET" name="Default test" finished-at="2025-10-24T23:10:26 CET" duration-ms="1689">
      <class name="com.jinene.api.MarketStackApiTest">
        <test-method is-config="true" signature="setup()[pri:0, instance:com.jinene.api.MarketStackApiTest@48ae9b55]" started-at="2025-10-24T23:10:24 CET" name="setup" finished-at="2025-10-24T23:10:24 CET" duration-ms="148" status="PASS">
          <reporter-output>
          </reporter-output>
        </test-method> <!-- setup -->
        <test-method signature="testMarketStackIntraday()[pri:0, instance:com.jinene.api.MarketStackApiTest@48ae9b55]" started-at="2025-10-24T23:10:24 CET" name="testMarketStackIntraday" finished-at="2025-10-24T23:10:26 CET" duration-ms="1525" status="PASS">
          <reporter-output>
          </reporter-output>
        </test-method> <!-- testMarketStackIntraday -->
      </class> <!-- com.jinene.api.MarketStackApiTest -->
    </test> <!-- Default test -->
  </suite> <!-- Default suite -->
</testng-results>
